<?xml version="1.0" encoding="UTF-8"?>
<testng-results skipped="0" failed="0" ignored="0" total="1" passed="1">
  <reporter-output>
  </reporter-output>
  <suite name="Default suite" duration-ms="40011" started-at="2019-04-29T01:44:42Z" finished-at="2019-04-29T01:45:22Z">
    <groups>
    </groups>
    <test name="Default test" duration-ms="40011" started-at="2019-04-29T01:44:42Z" finished-at="2019-04-29T01:45:22Z">
      <class name="ProductDetailTest.ProductSearchTest">
        <test-method status="PASS" signature="startBrowser()[pri:0, instance:ProductDetailTest.ProductSearchTest@85bdee]" name="startBrowser" is-config="true" duration-ms="12528" started-at="2019-04-29T01:44:42Z" finished-at="2019-04-29T01:44:54Z">
          <reporter-output>
          </reporter-output>
        </test-method> <!-- startBrowser -->
        <test-method status="PASS" signature="getProductdetail()[pri:0, instance:ProductDetailTest.ProductSearchTest@85bdee]" name="getProductdetail" duration-ms="25115" started-at="2019-04-29T01:44:54Z" finished-at="2019-04-29T01:45:19Z">
          <reporter-output>
          </reporter-output>
        </test-method> <!-- getProductdetail -->
        <test-method status="PASS" signature="closebrowser()[pri:0, instance:ProductDetailTest.ProductSearchTest@85bdee]" name="closebrowser" is-config="true" duration-ms="2327" started-at="2019-04-29T01:45:19Z" finished-at="2019-04-29T01:45:22Z">
          <reporter-output>
          </reporter-output>
        </test-method> <!-- closebrowser -->
      </class> <!-- ProductDetailTest.ProductSearchTest -->
    </test> <!-- Default test -->
  </suite> <!-- Default suite -->
</testng-results>
